e:\github\skillcompetition_directx\dxgame\debug\vc142.pdb
e:\github\skillcompetition_directx\dxgame\debug\vc142.idb
e:\github\skillcompetition_directx\dxgame\debug\cspritemanager.obj
e:\github\skillcompetition_directx\dxgame\debug\csecondenemy.obj
e:\github\skillcompetition_directx\dxgame\debug\cscroolmap.obj
e:\github\skillcompetition_directx\dxgame\debug\cscenemanager.obj
e:\github\skillcompetition_directx\dxgame\debug\cscene.obj
e:\github\skillcompetition_directx\dxgame\debug\cplayerbullet.obj
e:\github\skillcompetition_directx\dxgame\debug\cplayer.obj
e:\github\skillcompetition_directx\dxgame\debug\cingamescene.obj
e:\github\skillcompetition_directx\dxgame\debug\chpbarui.obj
e:\github\skillcompetition_directx\dxgame\debug\cgraphics.obj
e:\github\skillcompetition_directx\dxgame\debug\cgameobject.obj
e:\github\skillcompetition_directx\dxgame\debug\cgamemanager.obj
e:\github\skillcompetition_directx\dxgame\debug\cgame.obj
e:\github\skillcompetition_directx\dxgame\debug\cfirstenemy.obj
e:\github\skillcompetition_directx\dxgame\debug\cexplosionevent.obj
e:\github\skillcompetition_directx\dxgame\debug\cenemybullet.obj
e:\github\skillcompetition_directx\dxgame\debug\cenemy.obj
e:\github\skillcompetition_directx\dxgame\debug\cdx2dapp.obj
e:\github\skillcompetition_directx\dxgame\debug\cbullet.obj
e:\github\skillcompetition_directx\dxgame\debug\casteroidenemy.obj
e:\github\skillcompetition_directx\dxgame\debug\utility.obj
e:\github\skillcompetition_directx\dxgame\debug\input.obj
e:\github\skillcompetition_directx\dxgame\debug\dxgame.obj
e:\github\skillcompetition_directx\dxgame\debug\csprite.obj
e:\github\skillcompetition_directx\dxgame\debug\cstatusframeui.obj
e:\github\skillcompetition_directx\dxgame\debug\cframemask.obj
e:\github\skillcompetition_directx\dxgame\debug\cexpbarui.obj
e:\github\skillcompetition_directx\dxgame\debug\dxgame.pch
e:\github\skillcompetition_directx\dxgame\debug\pch.obj
e:\github\skillcompetition_directx\dxgame\debug\clevelupevent.obj
e:\github\skillcompetition_directx\debug\dxgame.exe
e:\github\skillcompetition_directx\debug\dxgame.ilk
e:\github\skillcompetition_directx\debug\dxgame.pdb
e:\github\skillcompetition_directx\dxgame\debug\dxgame.res
e:\github\skillcompetition_directx\dxgame\debug\dxgame.tlog\cl.command.1.tlog
e:\github\skillcompetition_directx\dxgame\debug\dxgame.tlog\cl.read.1.tlog
e:\github\skillcompetition_directx\dxgame\debug\dxgame.tlog\cl.write.1.tlog
e:\github\skillcompetition_directx\dxgame\debug\dxgame.tlog\link.command.1.tlog
e:\github\skillcompetition_directx\dxgame\debug\dxgame.tlog\link.read.1.tlog
e:\github\skillcompetition_directx\dxgame\debug\dxgame.tlog\link.write.1.tlog
e:\github\skillcompetition_directx\dxgame\debug\dxgame.tlog\rc.command.1.tlog
e:\github\skillcompetition_directx\dxgame\debug\dxgame.tlog\rc.read.1.tlog
e:\github\skillcompetition_directx\dxgame\debug\dxgame.tlog\rc.write.1.tlog
