  pch.cpp
  CDX2DApp.cpp
  CGame.cpp
E:\DirectXGameMaking\DXGame\DXGame\CGame.cpp(5,12): warning C4244: '인수': 'time_t'에서 'unsigned int'(으)로 변환하면서 데이터가 손실될 수 있습니다.
  CGameManager.cpp
  CGameObject.cpp
  CGraphics.cpp
  CIngameScene.cpp
  CScene.cpp
  CSceneManager.cpp
  CScroolMap.cpp
  CSprite.cpp
  CSpriteManager.cpp
  DXGame.cpp
  Input.cpp
E:\DirectXGameMaking\DXGame\DXGame\Input.cpp(251,2): warning C4060: switch문에 'case' 또는 'default' 레이블이 없습니다.
  cPlayer.cpp
E:\DirectXGameMaking\DXGame\DXGame\cPlayer.cpp(31,27): warning C4838: 'FLOAT'에서 'LONG'(으)로의 변환에는 축소 변환이 필요합니다.
E:\DirectXGameMaking\DXGame\DXGame\cPlayer.cpp(31,27): warning C4244: '초기화 중': 'FLOAT'에서 'LONG'(으)로 변환하면서 데이터가 손실될 수 있습니다.
E:\DirectXGameMaking\DXGame\DXGame\cPlayer.cpp(31,46): warning C4838: 'FLOAT'에서 'LONG'(으)로의 변환에는 축소 변환이 필요합니다.
E:\DirectXGameMaking\DXGame\DXGame\cPlayer.cpp(31,46): warning C4244: '초기화 중': 'FLOAT'에서 'LONG'(으)로 변환하면서 데이터가 손실될 수 있습니다.
E:\DirectXGameMaking\DXGame\DXGame\cPlayer.cpp(32,48): warning C4244: '=': 'double'에서 'float'(으)로 변환하면서 데이터가 손실될 수 있습니다.
  코드를 생성하고 있습니다.
  Previous IPDB not found, fall back to full compilation.
  All 619 functions were compiled because no usable IPDB/IOBJ from previous compilation was found.
  코드를 생성했습니다.
  DXGame.vcxproj -> E:\DirectXGameMaking\DXGame\Release\DXGame.exe
